{"/Users/adhy/Programming/ToyProjects/heritageApi/server/index.js":{"path":"/Users/adhy/Programming/ToyProjects/heritageApi/server/index.js","s":{"1":1,"2":1,"3":1,"4":1,"5":1,"6":1,"7":1,"8":1,"9":1,"10":1,"11":0,"12":0,"13":1,"14":1,"15":1,"16":1,"17":1,"18":1,"19":1},"b":{"1":[0,1]},"f":{},"fnMap":{},"statementMap":{"1":{"start":{"line":1,"column":0},"end":{"line":1,"column":35}},"2":{"start":{"line":2,"column":0},"end":{"line":2,"column":42}},"3":{"start":{"line":3,"column":0},"end":{"line":3,"column":37}},"4":{"start":{"line":4,"column":0},"end":{"line":4,"column":33}},"5":{"start":{"line":5,"column":0},"end":{"line":5,"column":47}},"6":{"start":{"line":6,"column":0},"end":{"line":6,"column":36}},"7":{"start":{"line":8,"column":0},"end":{"line":8,"column":22}},"8":{"start":{"line":10,"column":0},"end":{"line":10,"column":52}},"9":{"start":{"line":11,"column":0},"end":{"line":11,"column":27}},"10":{"start":{"line":13,"column":0},"end":{"line":18,"column":1}},"11":{"start":{"line":15,"column":2},"end":{"line":15,"column":34}},"12":{"start":{"line":16,"column":2},"end":{"line":16,"column":30}},"13":{"start":{"line":20,"column":0},"end":{"line":20,"column":34}},"14":{"start":{"line":21,"column":0},"end":{"line":21,"column":31}},"15":{"start":{"line":22,"column":0},"end":{"line":22,"column":25}},"16":{"start":{"line":23,"column":0},"end":{"line":23,"column":26}},"17":{"start":{"line":25,"column":0},"end":{"line":25,"column":24}},"18":{"start":{"line":27,"column":0},"end":{"line":27,"column":17}},"19":{"start":{"line":29,"column":0},"end":{"line":29,"column":21}}},"branchMap":{"1":{"line":13,"type":"if","locations":[{"start":{"line":13,"column":0},"end":{"line":13,"column":0}},{"start":{"line":13,"column":0},"end":{"line":13,"column":0}}]}}},"/Users/adhy/Programming/ToyProjects/heritageApi/server/routes/index.route.js":{"path":"/Users/adhy/Programming/ToyProjects/heritageApi/server/routes/index.route.js","s":{"1":1,"2":1,"3":1,"4":1,"5":1,"6":1,"7":1,"8":1,"9":1,"10":1},"b":{},"f":{},"fnMap":{},"statementMap":{"1":{"start":{"line":1,"column":0},"end":{"line":1,"column":35}},"2":{"start":{"line":3,"column":0},"end":{"line":3,"column":62}},"3":{"start":{"line":5,"column":0},"end":{"line":5,"column":45}},"4":{"start":{"line":6,"column":0},"end":{"line":6,"column":47}},"5":{"start":{"line":7,"column":0},"end":{"line":7,"column":43}},"6":{"start":{"line":9,"column":0},"end":{"line":9,"column":32}},"7":{"start":{"line":11,"column":0},"end":{"line":11,"column":32}},"8":{"start":{"line":12,"column":0},"end":{"line":12,"column":51}},"9":{"start":{"line":13,"column":0},"end":{"line":13,"column":36}},"10":{"start":{"line":15,"column":0},"end":{"line":15,"column":24}}},"branchMap":{}},"/Users/adhy/Programming/ToyProjects/heritageApi/server/helpers/isAuthenticated.js":{"path":"/Users/adhy/Programming/ToyProjects/heritageApi/server/helpers/isAuthenticated.js","s":{"1":1,"2":1,"3":1,"4":1,"5":1,"6":1,"7":0,"8":0,"9":0,"10":0,"11":0,"12":0,"13":0,"14":0},"b":{"1":[0,0,0],"2":[0,0],"3":[0,0]},"f":{},"fnMap":{},"statementMap":{"1":{"start":{"line":2,"column":0},"end":{"line":2,"column":35}},"2":{"start":{"line":3,"column":0},"end":{"line":3,"column":36}},"3":{"start":{"line":5,"column":0},"end":{"line":5,"column":39}},"4":{"start":{"line":7,"column":0},"end":{"line":7,"column":22}},"5":{"start":{"line":8,"column":0},"end":{"line":8,"column":38}},"6":{"start":{"line":10,"column":0},"end":{"line":26,"column":2}},"7":{"start":{"line":11,"column":2},"end":{"line":11,"column":83}},"8":{"start":{"line":12,"column":2},"end":{"line":25,"column":3}},"9":{"start":{"line":13,"column":4},"end":{"line":19,"column":7}},"10":{"start":{"line":14,"column":6},"end":{"line":16,"column":7}},"11":{"start":{"line":15,"column":8},"end":{"line":15,"column":79}},"12":{"start":{"line":17,"column":6},"end":{"line":17,"column":28}},"13":{"start":{"line":18,"column":6},"end":{"line":18,"column":13}},"14":{"start":{"line":21,"column":4},"end":{"line":24,"column":7}}},"branchMap":{"1":{"line":11,"type":"binary-expr","locations":[{"start":{"line":11,"column":16},"end":{"line":11,"column":30}},{"start":{"line":11,"column":34},"end":{"line":11,"column":49}},{"start":{"line":11,"column":53},"end":{"line":11,"column":82}}]},"2":{"line":12,"type":"if","locations":[{"start":{"line":12,"column":2},"end":{"line":12,"column":2}},{"start":{"line":12,"column":2},"end":{"line":12,"column":2}}]},"3":{"line":14,"type":"if","locations":[{"start":{"line":14,"column":6},"end":{"line":14,"column":6}},{"start":{"line":14,"column":6},"end":{"line":14,"column":6}}]}}},"/Users/adhy/Programming/ToyProjects/heritageApi/config.js":{"path":"/Users/adhy/Programming/ToyProjects/heritageApi/config.js","s":{"1":1},"b":{},"f":{},"fnMap":{},"statementMap":{"1":{"start":{"line":1,"column":0},"end":{"line":4,"column":2}}},"branchMap":{}},"/Users/adhy/Programming/ToyProjects/heritageApi/server/routes/users.route.js":{"path":"/Users/adhy/Programming/ToyProjects/heritageApi/server/routes/users.route.js","s":{"1":1,"2":1,"3":1,"4":1,"5":1},"b":{},"f":{},"fnMap":{},"statementMap":{"1":{"start":{"line":1,"column":0},"end":{"line":1,"column":35}},"2":{"start":{"line":2,"column":0},"end":{"line":2,"column":65}},"3":{"start":{"line":4,"column":0},"end":{"line":4,"column":32}},"4":{"start":{"line":6,"column":0},"end":{"line":7,"column":35}},"5":{"start":{"line":9,"column":0},"end":{"line":9,"column":24}}},"branchMap":{}},"/Users/adhy/Programming/ToyProjects/heritageApi/server/controllers/user.controller.js":{"path":"/Users/adhy/Programming/ToyProjects/heritageApi/server/controllers/user.controller.js","s":{"1":1,"2":1,"3":0,"4":0},"b":{},"f":{},"fnMap":{},"statementMap":{"1":{"start":{"line":1,"column":0},"end":{"line":1,"column":50}},"2":{"start":{"line":3,"column":0},"end":{"line":7,"column":2}},"3":{"start":{"line":4,"column":2},"end":{"line":6,"column":5}},"4":{"start":{"line":5,"column":4},"end":{"line":5,"column":21}}},"branchMap":{}},"/Users/adhy/Programming/ToyProjects/heritageApi/server/models/user.model.js":{"path":"/Users/adhy/Programming/ToyProjects/heritageApi/server/models/user.model.js","s":{"1":1,"2":1,"3":1,"4":1,"5":0,"6":1,"7":0,"8":0,"9":0,"10":0,"11":0,"12":0,"13":0,"14":0,"15":0,"16":1,"17":0,"18":0,"19":0,"20":0,"21":1},"b":{"1":[0,0],"2":[0,0]},"f":{"1":0,"2":0,"3":0},"fnMap":{"1":{"name":"findAll","line":16,"loc":{"start":{"line":16,"column":29},"end":{"line":16,"column":50}}},"2":{"name":"validateLogin","line":20,"loc":{"start":{"line":20,"column":35},"end":{"line":20,"column":77}}},"3":{"name":"createUser","line":34,"loc":{"start":{"line":34,"column":32},"end":{"line":34,"column":65}}}},"statementMap":{"1":{"start":{"line":1,"column":0},"end":{"line":1,"column":37}},"2":{"start":{"line":2,"column":0},"end":{"line":2,"column":33}},"3":{"start":{"line":4,"column":0},"end":{"line":14,"column":3}},"4":{"start":{"line":16,"column":0},"end":{"line":18,"column":2}},"5":{"start":{"line":17,"column":2},"end":{"line":17,"column":27}},"6":{"start":{"line":20,"column":0},"end":{"line":32,"column":2}},"7":{"start":{"line":21,"column":2},"end":{"line":21,"column":58}},"8":{"start":{"line":22,"column":2},"end":{"line":31,"column":5}},"9":{"start":{"line":25,"column":4},"end":{"line":25,"column":30}},"10":{"start":{"line":25,"column":15},"end":{"line":25,"column":28}},"11":{"start":{"line":26,"column":4},"end":{"line":26,"column":32}},"12":{"start":{"line":26,"column":17},"end":{"line":26,"column":30}},"13":{"start":{"line":27,"column":4},"end":{"line":29,"column":54}},"14":{"start":{"line":29,"column":27},"end":{"line":29,"column":52}},"15":{"start":{"line":30,"column":4},"end":{"line":30,"column":16}},"16":{"start":{"line":34,"column":0},"end":{"line":40,"column":2}},"17":{"start":{"line":35,"column":2},"end":{"line":35,"column":45}},"18":{"start":{"line":36,"column":2},"end":{"line":39,"column":5}},"19":{"start":{"line":37,"column":4},"end":{"line":37,"column":28}},"20":{"start":{"line":38,"column":4},"end":{"line":38,"column":36}},"21":{"start":{"line":42,"column":0},"end":{"line":42,"column":52}}},"branchMap":{"1":{"line":25,"type":"if","locations":[{"start":{"line":25,"column":4},"end":{"line":25,"column":4}},{"start":{"line":25,"column":4},"end":{"line":25,"column":4}}]},"2":{"line":26,"type":"if","locations":[{"start":{"line":26,"column":4},"end":{"line":26,"column":4}},{"start":{"line":26,"column":4},"end":{"line":26,"column":4}}]}}},"/Users/adhy/Programming/ToyProjects/heritageApi/server/routes/places.route.js":{"path":"/Users/adhy/Programming/ToyProjects/heritageApi/server/routes/places.route.js","s":{"1":1,"2":1,"3":1,"4":1,"5":1,"6":1},"b":{},"f":{},"fnMap":{},"statementMap":{"1":{"start":{"line":1,"column":0},"end":{"line":1,"column":35}},"2":{"start":{"line":2,"column":0},"end":{"line":2,"column":67}},"3":{"start":{"line":4,"column":0},"end":{"line":4,"column":32}},"4":{"start":{"line":6,"column":0},"end":{"line":8,"column":40}},"5":{"start":{"line":10,"column":0},"end":{"line":13,"column":43}},"6":{"start":{"line":15,"column":0},"end":{"line":15,"column":24}}},"branchMap":{}},"/Users/adhy/Programming/ToyProjects/heritageApi/server/controllers/place.controller.js":{"path":"/Users/adhy/Programming/ToyProjects/heritageApi/server/controllers/place.controller.js","s":{"1":1,"2":1,"3":1,"4":1,"5":1,"6":0,"7":0,"8":1,"9":0,"10":0,"11":1,"12":0,"13":0,"14":1,"15":0,"16":0},"b":{},"f":{},"fnMap":{},"statementMap":{"1":{"start":{"line":1,"column":0},"end":{"line":1,"column":52}},"2":{"start":{"line":3,"column":0},"end":{"line":7,"column":2}},"3":{"start":{"line":4,"column":2},"end":{"line":6,"column":5}},"4":{"start":{"line":5,"column":4},"end":{"line":5,"column":21}},"5":{"start":{"line":9,"column":0},"end":{"line":13,"column":2}},"6":{"start":{"line":10,"column":2},"end":{"line":12,"column":5}},"7":{"start":{"line":11,"column":4},"end":{"line":11,"column":21}},"8":{"start":{"line":15,"column":0},"end":{"line":19,"column":2}},"9":{"start":{"line":16,"column":2},"end":{"line":18,"column":5}},"10":{"start":{"line":17,"column":4},"end":{"line":17,"column":21}},"11":{"start":{"line":21,"column":0},"end":{"line":25,"column":2}},"12":{"start":{"line":22,"column":2},"end":{"line":24,"column":5}},"13":{"start":{"line":23,"column":4},"end":{"line":23,"column":21}},"14":{"start":{"line":27,"column":0},"end":{"line":31,"column":2}},"15":{"start":{"line":28,"column":2},"end":{"line":30,"column":5}},"16":{"start":{"line":29,"column":4},"end":{"line":29,"column":21}}},"branchMap":{}},"/Users/adhy/Programming/ToyProjects/heritageApi/server/models/place.model.js":{"path":"/Users/adhy/Programming/ToyProjects/heritageApi/server/models/place.model.js","s":{"1":1,"2":1,"3":1,"4":1,"5":1,"6":0,"7":1,"8":0,"9":1,"10":0,"11":0,"12":1,"13":0,"14":1},"b":{},"f":{"1":1,"2":0,"3":0,"4":0,"5":0},"fnMap":{"1":{"name":"findAll","line":17,"loc":{"start":{"line":17,"column":30},"end":{"line":17,"column":51}}},"2":{"name":"findById","line":21,"loc":{"start":{"line":21,"column":31},"end":{"line":21,"column":60}}},"3":{"name":"createNewPlace","line":25,"loc":{"start":{"line":25,"column":37},"end":{"line":25,"column":75}}},"4":{"name":"updatePlaceById","line":29,"loc":{"start":{"line":29,"column":38},"end":{"line":29,"column":84}}},"5":{"name":"deletePlaceById","line":34,"loc":{"start":{"line":34,"column":38},"end":{"line":34,"column":74}}}},"statementMap":{"1":{"start":{"line":1,"column":0},"end":{"line":1,"column":37}},"2":{"start":{"line":3,"column":0},"end":{"line":15,"column":3}},"3":{"start":{"line":17,"column":0},"end":{"line":19,"column":2}},"4":{"start":{"line":18,"column":2},"end":{"line":18,"column":27}},"5":{"start":{"line":21,"column":0},"end":{"line":23,"column":2}},"6":{"start":{"line":22,"column":2},"end":{"line":22,"column":41}},"7":{"start":{"line":25,"column":0},"end":{"line":27,"column":2}},"8":{"start":{"line":26,"column":2},"end":{"line":26,"column":35}},"9":{"start":{"line":29,"column":0},"end":{"line":32,"column":2}},"10":{"start":{"line":30,"column":2},"end":{"line":30,"column":21}},"11":{"start":{"line":31,"column":2},"end":{"line":31,"column":69}},"12":{"start":{"line":34,"column":0},"end":{"line":36,"column":2}},"13":{"start":{"line":35,"column":2},"end":{"line":35,"column":50}},"14":{"start":{"line":38,"column":0},"end":{"line":38,"column":54}}},"branchMap":{}},"/Users/adhy/Programming/ToyProjects/heritageApi/server/routes/auth.route.js":{"path":"/Users/adhy/Programming/ToyProjects/heritageApi/server/routes/auth.route.js","s":{"1":1,"2":1,"3":1,"4":1,"5":1,"6":1},"b":{},"f":{},"fnMap":{},"statementMap":{"1":{"start":{"line":1,"column":0},"end":{"line":1,"column":35}},"2":{"start":{"line":2,"column":0},"end":{"line":2,"column":65}},"3":{"start":{"line":4,"column":0},"end":{"line":4,"column":32}},"4":{"start":{"line":6,"column":0},"end":{"line":7,"column":38}},"5":{"start":{"line":9,"column":0},"end":{"line":10,"column":36}},"6":{"start":{"line":12,"column":0},"end":{"line":12,"column":24}}},"branchMap":{}},"/Users/adhy/Programming/ToyProjects/heritageApi/server/controllers/auth.controller.js":{"path":"/Users/adhy/Programming/ToyProjects/heritageApi/server/controllers/auth.controller.js","s":{"1":1,"2":1,"3":1,"4":1,"5":1,"6":1,"7":1,"8":0,"9":0,"10":1,"11":0,"12":0,"13":0,"14":0,"15":0},"b":{"1":[0,0]},"f":{},"fnMap":{},"statementMap":{"1":{"start":{"line":1,"column":0},"end":{"line":1,"column":35}},"2":{"start":{"line":2,"column":0},"end":{"line":2,"column":36}},"3":{"start":{"line":3,"column":0},"end":{"line":3,"column":39}},"4":{"start":{"line":5,"column":0},"end":{"line":5,"column":22}},"5":{"start":{"line":6,"column":0},"end":{"line":6,"column":38}},"6":{"start":{"line":8,"column":0},"end":{"line":8,"column":50}},"7":{"start":{"line":10,"column":0},"end":{"line":14,"column":2}},"8":{"start":{"line":11,"column":2},"end":{"line":13,"column":5}},"9":{"start":{"line":12,"column":4},"end":{"line":12,"column":21}},"10":{"start":{"line":16,"column":0},"end":{"line":31,"column":2}},"11":{"start":{"line":17,"column":2},"end":{"line":30,"column":5}},"12":{"start":{"line":18,"column":4},"end":{"line":29,"column":5}},"13":{"start":{"line":19,"column":6},"end":{"line":21,"column":9}},"14":{"start":{"line":22,"column":6},"end":{"line":26,"column":9}},"15":{"start":{"line":28,"column":6},"end":{"line":28,"column":26}}},"branchMap":{"1":{"line":18,"type":"if","locations":[{"start":{"line":18,"column":4},"end":{"line":18,"column":4}},{"start":{"line":18,"column":4},"end":{"line":18,"column":4}}]}}}}