TN:
SF:/Users/adhy/Programming/ToyProjects/heritageApi/server/index.js
FNF:0
FNH:0
DA:1,1
DA:2,1
DA:3,1
DA:4,1
DA:5,1
DA:6,1
DA:8,1
DA:10,1
DA:11,1
DA:13,1
DA:15,0
DA:16,0
DA:20,1
DA:21,1
DA:22,1
DA:23,1
DA:25,1
DA:27,1
DA:29,1
LF:19
LH:17
BRDA:13,1,0,0
BRDA:13,1,1,1
BRF:2
BRH:1
end_of_record
TN:
SF:/Users/adhy/Programming/ToyProjects/heritageApi/server/routes/index.route.js
FNF:0
FNH:0
DA:1,1
DA:3,1
DA:5,1
DA:6,1
DA:7,1
DA:9,1
DA:11,1
DA:12,1
DA:13,1
DA:15,1
LF:10
LH:10
BRF:0
BRH:0
end_of_record
TN:
SF:/Users/adhy/Programming/ToyProjects/heritageApi/server/helpers/isAuthenticated.js
FNF:0
FNH:0
DA:2,1
DA:3,1
DA:5,1
DA:7,1
DA:8,1
DA:10,1
DA:11,0
DA:12,0
DA:13,0
DA:14,0
DA:15,0
DA:17,0
DA:18,0
DA:21,0
LF:14
LH:6
BRDA:11,1,0,0
BRDA:11,1,1,0
BRDA:11,1,2,0
BRDA:12,2,0,0
BRDA:12,2,1,0
BRDA:14,3,0,0
BRDA:14,3,1,0
BRF:7
BRH:0
end_of_record
TN:
SF:/Users/adhy/Programming/ToyProjects/heritageApi/config.js
FNF:0
FNH:0
DA:1,1
LF:1
LH:1
BRF:0
BRH:0
end_of_record
TN:
SF:/Users/adhy/Programming/ToyProjects/heritageApi/server/routes/users.route.js
FNF:0
FNH:0
DA:1,1
DA:2,1
DA:4,1
DA:6,1
DA:9,1
LF:5
LH:5
BRF:0
BRH:0
end_of_record
TN:
SF:/Users/adhy/Programming/ToyProjects/heritageApi/server/controllers/user.controller.js
FNF:0
FNH:0
DA:1,1
DA:3,1
DA:4,0
DA:5,0
LF:4
LH:2
BRF:0
BRH:0
end_of_record
TN:
SF:/Users/adhy/Programming/ToyProjects/heritageApi/server/models/user.model.js
FN:16,findAll
FN:20,validateLogin
FN:34,createUser
FNF:3
FNH:0
FNDA:0,findAll
FNDA:0,validateLogin
FNDA:0,createUser
DA:1,1
DA:2,1
DA:4,1
DA:16,1
DA:17,0
DA:20,1
DA:21,0
DA:22,0
DA:25,0
DA:26,0
DA:27,0
DA:29,0
DA:30,0
DA:34,1
DA:35,0
DA:36,0
DA:37,0
DA:38,0
DA:42,1
LF:19
LH:7
BRDA:25,1,0,0
BRDA:25,1,1,0
BRDA:26,2,0,0
BRDA:26,2,1,0
BRF:4
BRH:0
end_of_record
TN:
SF:/Users/adhy/Programming/ToyProjects/heritageApi/server/routes/places.route.js
FNF:0
FNH:0
DA:1,1
DA:2,1
DA:4,1
DA:6,1
DA:10,1
DA:15,1
LF:6
LH:6
BRF:0
BRH:0
end_of_record
TN:
SF:/Users/adhy/Programming/ToyProjects/heritageApi/server/controllers/place.controller.js
FNF:0
FNH:0
DA:1,1
DA:3,1
DA:4,1
DA:5,1
DA:9,1
DA:10,0
DA:11,0
DA:15,1
DA:16,0
DA:17,0
DA:21,1
DA:22,0
DA:23,0
DA:27,1
DA:28,0
DA:29,0
LF:16
LH:8
BRF:0
BRH:0
end_of_record
TN:
SF:/Users/adhy/Programming/ToyProjects/heritageApi/server/models/place.model.js
FN:17,findAll
FN:21,findById
FN:25,createNewPlace
FN:29,updatePlaceById
FN:34,deletePlaceById
FNF:5
FNH:1
FNDA:1,findAll
FNDA:0,findById
FNDA:0,createNewPlace
FNDA:0,updatePlaceById
FNDA:0,deletePlaceById
DA:1,1
DA:3,1
DA:17,1
DA:18,1
DA:21,1
DA:22,0
DA:25,1
DA:26,0
DA:29,1
DA:30,0
DA:31,0
DA:34,1
DA:35,0
DA:38,1
LF:14
LH:9
BRF:0
BRH:0
end_of_record
TN:
SF:/Users/adhy/Programming/ToyProjects/heritageApi/server/routes/auth.route.js
FNF:0
FNH:0
DA:1,1
DA:2,1
DA:4,1
DA:6,1
DA:9,1
DA:12,1
LF:6
LH:6
BRF:0
BRH:0
end_of_record
TN:
SF:/Users/adhy/Programming/ToyProjects/heritageApi/server/controllers/auth.controller.js
FNF:0
FNH:0
DA:1,1
DA:2,1
DA:3,1
DA:5,1
DA:6,1
DA:8,1
DA:10,1
DA:11,0
DA:12,0
DA:16,1
DA:17,0
DA:18,0
DA:19,0
DA:22,0
DA:28,0
LF:15
LH:8
BRDA:18,1,0,0
BRDA:18,1,1,0
BRF:2
BRH:0
end_of_record
